{"C:\\Users\\karee\\OneDrive\\Documents\\Atom\\goalquest-portal\\backend\\src\\index.js": {"path":"C:\\Users\\karee\\OneDrive\\Documents\\Atom\\goalquest-portal\\backend\\src\\index.js","statementMap":{"0":{"start":{"line":1,"column":0},"end":{"line":1,"column":27}},"1":{"start":{"line":2,"column":16},"end":{"line":2,"column":34}},"2":{"start":{"line":3,"column":13},"end":{"line":3,"column":28}},"3":{"start":{"line":4,"column":15},"end":{"line":4,"column":32}},"4":{"start":{"line":5,"column":11},"end":{"line":5,"column":30}},"5":{"start":{"line":7,"column":12},"end":{"line":7,"column":21}},"6":{"start":{"line":10,"column":0},"end":{"line":10,"column":18}},"7":{"start":{"line":11,"column":0},"end":{"line":14,"column":4}},"8":{"start":{"line":15,"column":0},"end":{"line":15,"column":24}},"9":{"start":{"line":16,"column":0},"end":{"line":16,"column":48}},"10":{"start":{"line":19,"column":0},"end":{"line":19,"column":47}},"11":{"start":{"line":20,"column":0},"end":{"line":20,"column":49}},"12":{"start":{"line":21,"column":0},"end":{"line":21,"column":56}},"13":{"start":{"line":22,"column":0},"end":{"line":22,"column":51}},"14":{"start":{"line":25,"column":0},"end":{"line":27,"column":3}},"15":{"start":{"line":26,"column":2},"end":{"line":26,"column":64}},"16":{"start":{"line":30,"column":0},"end":{"line":36,"column":3}},"17":{"start":{"line":31,"column":2},"end":{"line":31,"column":27}},"18":{"start":{"line":32,"column":2},"end":{"line":35,"column":5}},"19":{"start":{"line":39,"column":13},"end":{"line":39,"column":37}},"20":{"start":{"line":41,"column":0},"end":{"line":58,"column":5}},"21":{"start":{"line":43,"column":4},"end":{"line":43,"column":53}},"22":{"start":{"line":46,"column":4},"end":{"line":46,"column":47}},"23":{"start":{"line":49,"column":4},"end":{"line":49,"column":41}},"24":{"start":{"line":51,"column":4},"end":{"line":53,"column":7}},"25":{"start":{"line":52,"column":6},"end":{"line":52,"column":55}},"26":{"start":{"line":56,"column":4},"end":{"line":56,"column":66}},"27":{"start":{"line":57,"column":4},"end":{"line":57,"column":20}},"28":{"start":{"line":60,"column":0},"end":{"line":60,"column":21}}},"fnMap":{"0":{"name":"(anonymous_0)","decl":{"start":{"line":25,"column":19},"end":{"line":25,"column":20}},"loc":{"start":{"line":25,"column":33},"end":{"line":27,"column":1}},"line":25},"1":{"name":"(anonymous_1)","decl":{"start":{"line":30,"column":8},"end":{"line":30,"column":9}},"loc":{"start":{"line":30,"column":33},"end":{"line":36,"column":1}},"line":30},"2":{"name":"(anonymous_2)","decl":{"start":{"line":42,"column":8},"end":{"line":42,"column":9}},"loc":{"start":{"line":42,"column":14},"end":{"line":47,"column":3}},"line":42},"3":{"name":"(anonymous_3)","decl":{"start":{"line":48,"column":8},"end":{"line":48,"column":9}},"loc":{"start":{"line":48,"column":14},"end":{"line":54,"column":3}},"line":48},"4":{"name":"(anonymous_4)","decl":{"start":{"line":51,"column":21},"end":{"line":51,"column":22}},"loc":{"start":{"line":51,"column":27},"end":{"line":53,"column":5}},"line":51},"5":{"name":"(anonymous_5)","decl":{"start":{"line":55,"column":9},"end":{"line":55,"column":10}},"loc":{"start":{"line":55,"column":18},"end":{"line":58,"column":3}},"line":55}},"branchMap":{"0":{"loc":{"start":{"line":12,"column":10},"end":{"line":12,"column":61}},"type":"binary-expr","locations":[{"start":{"line":12,"column":10},"end":{"line":12,"column":34}},{"start":{"line":12,"column":38},"end":{"line":12,"column":61}}],"line":12},"1":{"loc":{"start":{"line":32,"column":13},"end":{"line":32,"column":30}},"type":"binary-expr","locations":[{"start":{"line":32,"column":13},"end":{"line":32,"column":23}},{"start":{"line":32,"column":27},"end":{"line":32,"column":30}}],"line":32},"2":{"loc":{"start":{"line":33,"column":13},"end":{"line":33,"column":51}},"type":"binary-expr","locations":[{"start":{"line":33,"column":13},"end":{"line":33,"column":24}},{"start":{"line":33,"column":28},"end":{"line":33,"column":51}}],"line":33},"3":{"loc":{"start":{"line":34,"column":11},"end":{"line":34,"column":60}},"type":"cond-expr","locations":[{"start":{"line":34,"column":52},"end":{"line":34,"column":55}},{"start":{"line":34,"column":58},"end":{"line":34,"column":60}}],"line":34},"4":{"loc":{"start":{"line":39,"column":13},"end":{"line":39,"column":37}},"type":"binary-expr","locations":[{"start":{"line":39,"column":13},"end":{"line":39,"column":29}},{"start":{"line":39,"column":33},"end":{"line":39,"column":37}}],"line":39}},"s":{"0":1,"1":1,"2":1,"3":1,"4":1,"5":1,"6":1,"7":1,"8":1,"9":1,"10":1,"11":1,"12":1,"13":1,"14":1,"15":0,"16":1,"17":0,"18":0,"19":1,"20":1,"21":1,"22":1,"23":1,"24":1,"25":1,"26":0,"27":0,"28":1},"f":{"0":0,"1":0,"2":1,"3":1,"4":1,"5":0},"b":{"0":[1,1],"1":[0,0],"2":[0,0],"3":[0,0],"4":[1,0]},"_coverageSchema":"1a1c01bbd47fc00a2c39e90264f33305004495a9","hash":"ec8c18972b83e3affceeb2e5d596fd62dce326ef"}
,"C:\\Users\\karee\\OneDrive\\Documents\\Atom\\goalquest-portal\\backend\\src\\config\\database.js": {"path":"C:\\Users\\karee\\OneDrive\\Documents\\Atom\\goalquest-portal\\backend\\src\\config\\database.js","statementMap":{"0":{"start":{"line":1,"column":0},"end":{"line":1,"column":27}},"1":{"start":{"line":3,"column":0},"end":{"line":30,"column":2}}},"fnMap":{},"branchMap":{"0":{"loc":{"start":{"line":6,"column":14},"end":{"line":6,"column":59}},"type":"binary-expr","locations":[{"start":{"line":6,"column":14},"end":{"line":6,"column":36}},{"start":{"line":6,"column":40},"end":{"line":6,"column":59}}],"line":6},"1":{"loc":{"start":{"line":8,"column":13},"end":{"line":8,"column":58}},"type":"binary-expr","locations":[{"start":{"line":8,"column":13},"end":{"line":8,"column":35}},{"start":{"line":8,"column":39},"end":{"line":8,"column":58}}],"line":8}},"s":{"0":1,"1":1},"f":{},"b":{"0":[1,0],"1":[1,0]},"_coverageSchema":"1a1c01bbd47fc00a2c39e90264f33305004495a9","hash":"0c9df0e80a4c02862a06eb5da08596fb601e2481"}
,"C:\\Users\\karee\\OneDrive\\Documents\\Atom\\goalquest-portal\\backend\\src\\controllers\\authController.js": {"path":"C:\\Users\\karee\\OneDrive\\Documents\\Atom\\goalquest-portal\\backend\\src\\controllers\\authController.js","statementMap":{"0":{"start":{"line":1,"column":11},"end":{"line":1,"column":31}},"1":{"start":{"line":2,"column":57},"end":{"line":2,"column":81}},"2":{"start":{"line":4,"column":23},"end":{"line":108,"column":1}},"3":{"start":{"line":6,"column":4},"end":{"line":38,"column":5}},"4":{"start":{"line":7,"column":73},"end":{"line":7,"column":81}},"5":{"start":{"line":9,"column":27},"end":{"line":9,"column":70}},"6":{"start":{"line":10,"column":6},"end":{"line":12,"column":7}},"7":{"start":{"line":11,"column":8},"end":{"line":11,"column":77}},"8":{"start":{"line":14,"column":29},"end":{"line":14,"column":57}},"9":{"start":{"line":15,"column":19},"end":{"line":22,"column":8}},"10":{"start":{"line":24,"column":20},"end":{"line":24,"column":39}},"11":{"start":{"line":25,"column":6},"end":{"line":35,"column":9}},"12":{"start":{"line":37,"column":6},"end":{"line":37,"column":85}},"13":{"start":{"line":42,"column":4},"end":{"line":72,"column":5}},"14":{"start":{"line":43,"column":34},"end":{"line":43,"column":42}},"15":{"start":{"line":45,"column":19},"end":{"line":45,"column":62}},"16":{"start":{"line":46,"column":6},"end":{"line":48,"column":7}},"17":{"start":{"line":47,"column":8},"end":{"line":47,"column":78}},"18":{"start":{"line":50,"column":30},"end":{"line":50,"column":76}},"19":{"start":{"line":51,"column":6},"end":{"line":53,"column":7}},"20":{"start":{"line":52,"column":8},"end":{"line":52,"column":78}},"21":{"start":{"line":55,"column":6},"end":{"line":55,"column":51}},"22":{"start":{"line":57,"column":20},"end":{"line":57,"column":39}},"23":{"start":{"line":58,"column":6},"end":{"line":69,"column":9}},"24":{"start":{"line":71,"column":6},"end":{"line":71,"column":78}},"25":{"start":{"line":76,"column":4},"end":{"line":84,"column":5}},"26":{"start":{"line":77,"column":19},"end":{"line":79,"column":8}},"27":{"start":{"line":81,"column":6},"end":{"line":81,"column":33}},"28":{"start":{"line":83,"column":6},"end":{"line":83,"column":86}},"29":{"start":{"line":88,"column":4},"end":{"line":106,"column":5}},"30":{"start":{"line":89,"column":53},"end":{"line":89,"column":61}},"31":{"start":{"line":91,"column":19},"end":{"line":91,"column":54}},"32":{"start":{"line":92,"column":6},"end":{"line":92,"column":64}},"33":{"start":{"line":94,"column":6},"end":{"line":103,"column":9}},"34":{"start":{"line":105,"column":6},"end":{"line":105,"column":87}},"35":{"start":{"line":110,"column":0},"end":{"line":110,"column":32}}},"fnMap":{"0":{"name":"(anonymous_0)","decl":{"start":{"line":5,"column":12},"end":{"line":5,"column":13}},"loc":{"start":{"line":5,"column":32},"end":{"line":39,"column":3}},"line":5},"1":{"name":"(anonymous_1)","decl":{"start":{"line":41,"column":9},"end":{"line":41,"column":10}},"loc":{"start":{"line":41,"column":29},"end":{"line":73,"column":3}},"line":41},"2":{"name":"(anonymous_2)","decl":{"start":{"line":75,"column":18},"end":{"line":75,"column":19}},"loc":{"start":{"line":75,"column":38},"end":{"line":85,"column":3}},"line":75},"3":{"name":"(anonymous_3)","decl":{"start":{"line":87,"column":17},"end":{"line":87,"column":18}},"loc":{"start":{"line":87,"column":37},"end":{"line":107,"column":3}},"line":87}},"branchMap":{"0":{"loc":{"start":{"line":10,"column":6},"end":{"line":12,"column":7}},"type":"if","locations":[{"start":{"line":10,"column":6},"end":{"line":12,"column":7}},{"start":{},"end":{}}],"line":10},"1":{"loc":{"start":{"line":21,"column":14},"end":{"line":21,"column":32}},"type":"binary-expr","locations":[{"start":{"line":21,"column":14},"end":{"line":21,"column":18}},{"start":{"line":21,"column":22},"end":{"line":21,"column":32}}],"line":21},"2":{"loc":{"start":{"line":46,"column":6},"end":{"line":48,"column":7}},"type":"if","locations":[{"start":{"line":46,"column":6},"end":{"line":48,"column":7}},{"start":{},"end":{}}],"line":46},"3":{"loc":{"start":{"line":51,"column":6},"end":{"line":53,"column":7}},"type":"if","locations":[{"start":{"line":51,"column":6},"end":{"line":53,"column":7}},{"start":{},"end":{}}],"line":51}},"s":{"0":1,"1":1,"2":1,"3":0,"4":0,"5":0,"6":0,"7":0,"8":0,"9":0,"10":0,"11":0,"12":0,"13":0,"14":0,"15":0,"16":0,"17":0,"18":0,"19":0,"20":0,"21":0,"22":0,"23":0,"24":0,"25":0,"26":0,"27":0,"28":0,"29":0,"30":0,"31":0,"32":0,"33":0,"34":0,"35":1},"f":{"0":0,"1":0,"2":0,"3":0},"b":{"0":[0,0],"1":[0,0],"2":[0,0],"3":[0,0]},"_coverageSchema":"1a1c01bbd47fc00a2c39e90264f33305004495a9","hash":"30e057f04c8846a12252cc021b3b5c0b904fdf74"}
,"C:\\Users\\karee\\OneDrive\\Documents\\Atom\\goalquest-portal\\backend\\src\\controllers\\checkInController.js": {"path":"C:\\Users\\karee\\OneDrive\\Documents\\Atom\\goalquest-portal\\backend\\src\\controllers\\checkInController.js","statementMap":{"0":{"start":{"line":1,"column":11},"end":{"line":1,"column":31}},"1":{"start":{"line":2,"column":54},"end":{"line":2,"column":84}},"2":{"start":{"line":3,"column":29},"end":{"line":3,"column":53}},"3":{"start":{"line":5,"column":26},"end":{"line":190,"column":1}},"4":{"start":{"line":7,"column":4},"end":{"line":60,"column":5}},"5":{"start":{"line":8,"column":86},"end":{"line":8,"column":94}},"6":{"start":{"line":10,"column":19},"end":{"line":10,"column":49}},"7":{"start":{"line":11,"column":6},"end":{"line":13,"column":7}},"8":{"start":{"line":12,"column":8},"end":{"line":12,"column":67}},"9":{"start":{"line":16,"column":28},"end":{"line":20,"column":7}},"10":{"start":{"line":21,"column":29},"end":{"line":21,"column":61}},"11":{"start":{"line":23,"column":22},"end":{"line":31,"column":8}},"12":{"start":{"line":34,"column":6},"end":{"line":38,"column":9}},"13":{"start":{"line":41,"column":6},"end":{"line":48,"column":9}},"14":{"start":{"line":50,"column":6},"end":{"line":57,"column":9}},"15":{"start":{"line":59,"column":6},"end":{"line":59,"column":91}},"16":{"start":{"line":64,"column":4},"end":{"line":82,"column":5}},"17":{"start":{"line":65,"column":34},"end":{"line":65,"column":43}},"18":{"start":{"line":67,"column":26},"end":{"line":67,"column":28}},"19":{"start":{"line":68,"column":6},"end":{"line":68,"column":46}},"20":{"start":{"line":68,"column":18},"end":{"line":68,"column":46}},"21":{"start":{"line":69,"column":6},"end":{"line":69,"column":49}},"22":{"start":{"line":69,"column":19},"end":{"line":69,"column":49}},"23":{"start":{"line":71,"column":23},"end":{"line":77,"column":8}},"24":{"start":{"line":79,"column":6},"end":{"line":79,"column":37}},"25":{"start":{"line":81,"column":6},"end":{"line":81,"column":91}},"26":{"start":{"line":86,"column":4},"end":{"line":118,"column":5}},"27":{"start":{"line":87,"column":28},"end":{"line":87,"column":38}},"28":{"start":{"line":88,"column":33},"end":{"line":88,"column":41}},"29":{"start":{"line":90,"column":22},"end":{"line":90,"column":58}},"30":{"start":{"line":91,"column":6},"end":{"line":93,"column":7}},"31":{"start":{"line":92,"column":8},"end":{"line":92,"column":71}},"32":{"start":{"line":95,"column":24},"end":{"line":95,"column":40}},"33":{"start":{"line":97,"column":6},"end":{"line":100,"column":9}},"34":{"start":{"line":103,"column":6},"end":{"line":110,"column":9}},"35":{"start":{"line":112,"column":6},"end":{"line":115,"column":9}},"36":{"start":{"line":117,"column":6},"end":{"line":117,"column":87}},"37":{"start":{"line":122,"column":4},"end":{"line":188,"column":5}},"38":{"start":{"line":123,"column":26},"end":{"line":123,"column":35}},"39":{"start":{"line":126,"column":28},"end":{"line":129,"column":8}},"40":{"start":{"line":131,"column":30},"end":{"line":131,"column":58}},"41":{"start":{"line":131,"column":53},"end":{"line":131,"column":57}},"42":{"start":{"line":134,"column":6},"end":{"line":136,"column":7}},"43":{"start":{"line":135,"column":8},"end":{"line":135,"column":40}},"44":{"start":{"line":139,"column":20},"end":{"line":142,"column":8}},"45":{"start":{"line":144,"column":22},"end":{"line":144,"column":42}},"46":{"start":{"line":144,"column":37},"end":{"line":144,"column":41}},"47":{"start":{"line":147,"column":29},"end":{"line":147,"column":31}},"48":{"start":{"line":148,"column":6},"end":{"line":148,"column":67}},"49":{"start":{"line":148,"column":27},"end":{"line":148,"column":63}},"50":{"start":{"line":151,"column":23},"end":{"line":154,"column":13}},"51":{"start":{"line":157,"column":34},"end":{"line":157,"column":36}},"52":{"start":{"line":158,"column":6},"end":{"line":163,"column":9}},"53":{"start":{"line":159,"column":8},"end":{"line":162,"column":9}},"54":{"start":{"line":160,"column":24},"end":{"line":160,"column":49}},"55":{"start":{"line":161,"column":10},"end":{"line":161,"column":88}},"56":{"start":{"line":161,"column":21},"end":{"line":161,"column":88}},"57":{"start":{"line":166,"column":30},"end":{"line":166,"column":32}},"58":{"start":{"line":167,"column":6},"end":{"line":167,"column":104}},"59":{"start":{"line":167,"column":27},"end":{"line":167,"column":100}},"60":{"start":{"line":169,"column":25},"end":{"line":183,"column":8}},"61":{"start":{"line":170,"column":22},"end":{"line":170,"column":55}},"62":{"start":{"line":171,"column":26},"end":{"line":171,"column":63}},"63":{"start":{"line":173,"column":8},"end":{"line":182,"column":10}},"64":{"start":{"line":185,"column":6},"end":{"line":185,"column":39}},"65":{"start":{"line":187,"column":6},"end":{"line":187,"column":97}},"66":{"start":{"line":192,"column":0},"end":{"line":192,"column":35}}},"fnMap":{"0":{"name":"(anonymous_0)","decl":{"start":{"line":6,"column":17},"end":{"line":6,"column":18}},"loc":{"start":{"line":6,"column":37},"end":{"line":61,"column":3}},"line":6},"1":{"name":"(anonymous_1)","decl":{"start":{"line":63,"column":15},"end":{"line":63,"column":16}},"loc":{"start":{"line":63,"column":35},"end":{"line":83,"column":3}},"line":63},"2":{"name":"(anonymous_2)","decl":{"start":{"line":85,"column":21},"end":{"line":85,"column":22}},"loc":{"start":{"line":85,"column":41},"end":{"line":119,"column":3}},"line":85},"3":{"name":"(anonymous_3)","decl":{"start":{"line":121,"column":24},"end":{"line":121,"column":25}},"loc":{"start":{"line":121,"column":44},"end":{"line":189,"column":3}},"line":121},"4":{"name":"(anonymous_4)","decl":{"start":{"line":131,"column":48},"end":{"line":131,"column":49}},"loc":{"start":{"line":131,"column":53},"end":{"line":131,"column":57}},"line":131},"5":{"name":"(anonymous_5)","decl":{"start":{"line":144,"column":32},"end":{"line":144,"column":33}},"loc":{"start":{"line":144,"column":37},"end":{"line":144,"column":41}},"line":144},"6":{"name":"(anonymous_6)","decl":{"start":{"line":148,"column":20},"end":{"line":148,"column":21}},"loc":{"start":{"line":148,"column":25},"end":{"line":148,"column":65}},"line":148},"7":{"name":"(anonymous_7)","decl":{"start":{"line":158,"column":23},"end":{"line":158,"column":24}},"loc":{"start":{"line":158,"column":29},"end":{"line":163,"column":7}},"line":158},"8":{"name":"(anonymous_8)","decl":{"start":{"line":167,"column":20},"end":{"line":167,"column":21}},"loc":{"start":{"line":167,"column":25},"end":{"line":167,"column":102}},"line":167},"9":{"name":"(anonymous_9)","decl":{"start":{"line":169,"column":43},"end":{"line":169,"column":44}},"loc":{"start":{"line":169,"column":55},"end":{"line":183,"column":7}},"line":169}},"branchMap":{"0":{"loc":{"start":{"line":11,"column":6},"end":{"line":13,"column":7}},"type":"if","locations":[{"start":{"line":11,"column":6},"end":{"line":13,"column":7}},{"start":{},"end":{}}],"line":11},"1":{"loc":{"start":{"line":27,"column":16},"end":{"line":27,"column":40}},"type":"binary-expr","locations":[{"start":{"line":27,"column":16},"end":{"line":27,"column":22}},{"start":{"line":27,"column":26},"end":{"line":27,"column":40}}],"line":27},"2":{"loc":{"start":{"line":68,"column":6},"end":{"line":68,"column":46}},"type":"if","locations":[{"start":{"line":68,"column":6},"end":{"line":68,"column":46}},{"start":{},"end":{}}],"line":68},"3":{"loc":{"start":{"line":69,"column":6},"end":{"line":69,"column":49}},"type":"if","locations":[{"start":{"line":69,"column":6},"end":{"line":69,"column":49}},{"start":{},"end":{}}],"line":69},"4":{"loc":{"start":{"line":91,"column":6},"end":{"line":93,"column":7}},"type":"if","locations":[{"start":{"line":91,"column":6},"end":{"line":93,"column":7}},{"start":{},"end":{}}],"line":91},"5":{"loc":{"start":{"line":134,"column":6},"end":{"line":136,"column":7}},"type":"if","locations":[{"start":{"line":134,"column":6},"end":{"line":136,"column":7}},{"start":{},"end":{}}],"line":134},"6":{"loc":{"start":{"line":151,"column":23},"end":{"line":154,"column":13}},"type":"cond-expr","locations":[{"start":{"line":151,"column":40},"end":{"line":154,"column":8}},{"start":{"line":154,"column":11},"end":{"line":154,"column":13}}],"line":151},"7":{"loc":{"start":{"line":159,"column":8},"end":{"line":162,"column":9}},"type":"if","locations":[{"start":{"line":159,"column":8},"end":{"line":162,"column":9}},{"start":{},"end":{}}],"line":159},"8":{"loc":{"start":{"line":161,"column":10},"end":{"line":161,"column":88}},"type":"if","locations":[{"start":{"line":161,"column":10},"end":{"line":161,"column":88}},{"start":{},"end":{}}],"line":161},"9":{"loc":{"start":{"line":161,"column":51},"end":{"line":161,"column":82}},"type":"binary-expr","locations":[{"start":{"line":161,"column":51},"end":{"line":161,"column":77}},{"start":{"line":161,"column":81},"end":{"line":161,"column":82}}],"line":161},"10":{"loc":{"start":{"line":167,"column":60},"end":{"line":167,"column":94}},"type":"binary-expr","locations":[{"start":{"line":167,"column":60},"end":{"line":167,"column":89}},{"start":{"line":167,"column":93},"end":{"line":167,"column":94}}],"line":167},"11":{"loc":{"start":{"line":170,"column":22},"end":{"line":170,"column":55}},"type":"binary-expr","locations":[{"start":{"line":170,"column":22},"end":{"line":170,"column":50}},{"start":{"line":170,"column":54},"end":{"line":170,"column":55}}],"line":170},"12":{"loc":{"start":{"line":171,"column":26},"end":{"line":171,"column":63}},"type":"binary-expr","locations":[{"start":{"line":171,"column":26},"end":{"line":171,"column":58}},{"start":{"line":171,"column":62},"end":{"line":171,"column":63}}],"line":171},"13":{"loc":{"start":{"line":181,"column":32},"end":{"line":181,"column":85}},"type":"cond-expr","locations":[{"start":{"line":181,"column":40},"end":{"line":181,"column":76}},{"start":{"line":181,"column":79},"end":{"line":181,"column":85}}],"line":181}},"s":{"0":1,"1":1,"2":1,"3":1,"4":0,"5":0,"6":0,"7":0,"8":0,"9":0,"10":0,"11":0,"12":0,"13":0,"14":0,"15":0,"16":0,"17":0,"18":0,"19":0,"20":0,"21":0,"22":0,"23":0,"24":0,"25":0,"26":0,"27":0,"28":0,"29":0,"30":0,"31":0,"32":0,"33":0,"34":0,"35":0,"36":0,"37":1,"38":1,"39":1,"40":1,"41":1,"42":1,"43":0,"44":1,"45":1,"46":2,"47":1,"48":1,"49":2,"50":1,"51":1,"52":1,"53":1,"54":1,"55":1,"56":1,"57":1,"58":1,"59":2,"60":1,"61":1,"62":1,"63":1,"64":1,"65":0,"66":1},"f":{"0":0,"1":0,"2":0,"3":1,"4":1,"5":2,"6":2,"7":1,"8":2,"9":1},"b":{"0":[0,0],"1":[0,0],"2":[0,0],"3":[0,0],"4":[0,0],"5":[0,1],"6":[1,0],"7":[1,0],"8":[1,0],"9":[1,1],"10":[2,1],"11":[1,0],"12":[1,0],"13":[1,0]},"_coverageSchema":"1a1c01bbd47fc00a2c39e90264f33305004495a9","hash":"028d2da6d145150d43a1c5ed053152063ec75d22"}
,"C:\\Users\\karee\\OneDrive\\Documents\\Atom\\goalquest-portal\\backend\\src\\controllers\\cycleController.js": {"path":"C:\\Users\\karee\\OneDrive\\Documents\\Atom\\goalquest-portal\\backend\\src\\controllers\\cycleController.js","statementMap":{"0":{"start":{"line":1,"column":11},"end":{"line":1,"column":31}},"1":{"start":{"line":2,"column":29},"end":{"line":2,"column":53}},"2":{"start":{"line":4,"column":24},"end":{"line":107,"column":1}},"3":{"start":{"line":6,"column":4},"end":{"line":36,"column":5}},"4":{"start":{"line":7,"column":98},"end":{"line":7,"column":106}},"5":{"start":{"line":9,"column":20},"end":{"line":18,"column":8}},"6":{"start":{"line":21,"column":6},"end":{"line":28,"column":9}},"7":{"start":{"line":30,"column":6},"end":{"line":33,"column":9}},"8":{"start":{"line":35,"column":6},"end":{"line":35,"column":88}},"9":{"start":{"line":40,"column":4},"end":{"line":48,"column":5}},"10":{"start":{"line":41,"column":21},"end":{"line":43,"column":8}},"11":{"start":{"line":45,"column":6},"end":{"line":45,"column":35}},"12":{"start":{"line":47,"column":6},"end":{"line":47,"column":88}},"13":{"start":{"line":52,"column":4},"end":{"line":68,"column":5}},"14":{"start":{"line":53,"column":18},"end":{"line":53,"column":28}},"15":{"start":{"line":54,"column":20},"end":{"line":59,"column":8}},"16":{"start":{"line":61,"column":6},"end":{"line":63,"column":7}},"17":{"start":{"line":62,"column":8},"end":{"line":62,"column":74}},"18":{"start":{"line":65,"column":6},"end":{"line":65,"column":34}},"19":{"start":{"line":67,"column":6},"end":{"line":67,"column":94}},"20":{"start":{"line":72,"column":4},"end":{"line":105,"column":5}},"21":{"start":{"line":73,"column":26},"end":{"line":73,"column":36}},"22":{"start":{"line":74,"column":69},"end":{"line":74,"column":77}},"23":{"start":{"line":76,"column":20},"end":{"line":76,"column":52}},"24":{"start":{"line":77,"column":6},"end":{"line":79,"column":7}},"25":{"start":{"line":78,"column":8},"end":{"line":78,"column":68}},"26":{"start":{"line":81,"column":24},"end":{"line":81,"column":38}},"27":{"start":{"line":83,"column":6},"end":{"line":87,"column":9}},"28":{"start":{"line":90,"column":6},"end":{"line":97,"column":9}},"29":{"start":{"line":99,"column":6},"end":{"line":102,"column":9}},"30":{"start":{"line":104,"column":6},"end":{"line":104,"column":88}},"31":{"start":{"line":109,"column":0},"end":{"line":109,"column":33}}},"fnMap":{"0":{"name":"(anonymous_0)","decl":{"start":{"line":5,"column":15},"end":{"line":5,"column":16}},"loc":{"start":{"line":5,"column":35},"end":{"line":37,"column":3}},"line":5},"1":{"name":"(anonymous_1)","decl":{"start":{"line":39,"column":13},"end":{"line":39,"column":14}},"loc":{"start":{"line":39,"column":33},"end":{"line":49,"column":3}},"line":39},"2":{"name":"(anonymous_2)","decl":{"start":{"line":51,"column":18},"end":{"line":51,"column":19}},"loc":{"start":{"line":51,"column":38},"end":{"line":69,"column":3}},"line":51},"3":{"name":"(anonymous_3)","decl":{"start":{"line":71,"column":15},"end":{"line":71,"column":16}},"loc":{"start":{"line":71,"column":35},"end":{"line":106,"column":3}},"line":71}},"branchMap":{"0":{"loc":{"start":{"line":15,"column":32},"end":{"line":15,"column":96}},"type":"cond-expr","locations":[{"start":{"line":15,"column":57},"end":{"line":15,"column":89}},{"start":{"line":15,"column":92},"end":{"line":15,"column":96}}],"line":15},"1":{"loc":{"start":{"line":16,"column":26},"end":{"line":16,"column":78}},"type":"cond-expr","locations":[{"start":{"line":16,"column":45},"end":{"line":16,"column":71}},{"start":{"line":16,"column":74},"end":{"line":16,"column":78}}],"line":16},"2":{"loc":{"start":{"line":61,"column":6},"end":{"line":63,"column":7}},"type":"if","locations":[{"start":{"line":61,"column":6},"end":{"line":63,"column":7}},{"start":{},"end":{}}],"line":61},"3":{"loc":{"start":{"line":77,"column":6},"end":{"line":79,"column":7}},"type":"if","locations":[{"start":{"line":77,"column":6},"end":{"line":79,"column":7}},{"start":{},"end":{}}],"line":77},"4":{"loc":{"start":{"line":84,"column":18},"end":{"line":84,"column":68}},"type":"cond-expr","locations":[{"start":{"line":84,"column":43},"end":{"line":84,"column":51}},{"start":{"line":84,"column":54},"end":{"line":84,"column":68}}],"line":84},"5":{"loc":{"start":{"line":85,"column":32},"end":{"line":85,"column":120}},"type":"cond-expr","locations":[{"start":{"line":85,"column":57},"end":{"line":85,"column":89}},{"start":{"line":85,"column":92},"end":{"line":85,"column":120}}],"line":85},"6":{"loc":{"start":{"line":86,"column":26},"end":{"line":86,"column":96}},"type":"cond-expr","locations":[{"start":{"line":86,"column":45},"end":{"line":86,"column":71}},{"start":{"line":86,"column":74},"end":{"line":86,"column":96}}],"line":86}},"s":{"0":1,"1":1,"2":1,"3":0,"4":0,"5":0,"6":0,"7":0,"8":0,"9":0,"10":0,"11":0,"12":0,"13":0,"14":0,"15":0,"16":0,"17":0,"18":0,"19":0,"20":0,"21":0,"22":0,"23":0,"24":0,"25":0,"26":0,"27":0,"28":0,"29":0,"30":0,"31":1},"f":{"0":0,"1":0,"2":0,"3":0},"b":{"0":[0,0],"1":[0,0],"2":[0,0],"3":[0,0],"4":[0,0],"5":[0,0],"6":[0,0]},"_coverageSchema":"1a1c01bbd47fc00a2c39e90264f33305004495a9","hash":"816e4f31f6a630012fcfb9dcd19ab56c78f89aef"}
,"C:\\Users\\karee\\OneDrive\\Documents\\Atom\\goalquest-portal\\backend\\src\\controllers\\goalController.js": {"path":"C:\\Users\\karee\\OneDrive\\Documents\\Atom\\goalquest-portal\\backend\\src\\controllers\\goalController.js","statementMap":{"0":{"start":{"line":1,"column":11},"end":{"line":1,"column":31}},"1":{"start":{"line":2,"column":96},"end":{"line":2,"column":126}},"2":{"start":{"line":3,"column":29},"end":{"line":3,"column":53}},"3":{"start":{"line":5,"column":23},"end":{"line":197,"column":1}},"4":{"start":{"line":7,"column":4},"end":{"line":38,"column":5}},"5":{"start":{"line":8,"column":96},"end":{"line":8,"column":104}},"6":{"start":{"line":10,"column":19},"end":{"line":20,"column":8}},"7":{"start":{"line":23,"column":6},"end":{"line":30,"column":9}},"8":{"start":{"line":32,"column":6},"end":{"line":35,"column":9}},"9":{"start":{"line":37,"column":6},"end":{"line":37,"column":87}},"10":{"start":{"line":42,"column":4},"end":{"line":60,"column":5}},"11":{"start":{"line":43,"column":26},"end":{"line":43,"column":35}},"12":{"start":{"line":44,"column":25},"end":{"line":44,"column":61}},"13":{"start":{"line":46,"column":26},"end":{"line":46,"column":40}},"14":{"start":{"line":47,"column":6},"end":{"line":47,"column":49}},"15":{"start":{"line":47,"column":19},"end":{"line":47,"column":49}},"16":{"start":{"line":49,"column":20},"end":{"line":55,"column":8}},"17":{"start":{"line":57,"column":6},"end":{"line":57,"column":34}},"18":{"start":{"line":59,"column":6},"end":{"line":59,"column":87}},"19":{"start":{"line":64,"column":4},"end":{"line":105,"column":5}},"20":{"start":{"line":65,"column":35},"end":{"line":65,"column":43}},"21":{"start":{"line":67,"column":20},"end":{"line":69,"column":8}},"22":{"start":{"line":72,"column":25},"end":{"line":72,"column":49}},"23":{"start":{"line":73,"column":6},"end":{"line":75,"column":7}},"24":{"start":{"line":74,"column":8},"end":{"line":74,"column":69}},"25":{"start":{"line":77,"column":34},"end":{"line":77,"column":62}},"26":{"start":{"line":78,"column":6},"end":{"line":80,"column":7}},"27":{"start":{"line":79,"column":8},"end":{"line":79,"column":78}},"28":{"start":{"line":83,"column":6},"end":{"line":86,"column":8}},"29":{"start":{"line":89,"column":6},"end":{"line":98,"column":7}},"30":{"start":{"line":90,"column":8},"end":{"line":97,"column":11}},"31":{"start":{"line":100,"column":6},"end":{"line":102,"column":9}},"32":{"start":{"line":104,"column":6},"end":{"line":104,"column":88}},"33":{"start":{"line":109,"column":4},"end":{"line":157,"column":5}},"34":{"start":{"line":110,"column":25},"end":{"line":110,"column":35}},"35":{"start":{"line":111,"column":62},"end":{"line":111,"column":70}},"36":{"start":{"line":113,"column":19},"end":{"line":113,"column":49}},"37":{"start":{"line":114,"column":6},"end":{"line":116,"column":7}},"38":{"start":{"line":115,"column":8},"end":{"line":115,"column":67}},"39":{"start":{"line":119,"column":6},"end":{"line":121,"column":7}},"40":{"start":{"line":120,"column":8},"end":{"line":120,"column":84}},"41":{"start":{"line":123,"column":24},"end":{"line":123,"column":37}},"42":{"start":{"line":125,"column":6},"end":{"line":138,"column":7}},"43":{"start":{"line":126,"column":8},"end":{"line":132,"column":11}},"44":{"start":{"line":134,"column":8},"end":{"line":137,"column":11}},"45":{"start":{"line":141,"column":6},"end":{"line":149,"column":9}},"46":{"start":{"line":151,"column":6},"end":{"line":154,"column":9}},"47":{"start":{"line":156,"column":6},"end":{"line":156,"column":87}},"48":{"start":{"line":161,"column":4},"end":{"line":195,"column":5}},"49":{"start":{"line":162,"column":34},"end":{"line":162,"column":43}},"50":{"start":{"line":164,"column":24},"end":{"line":164,"column":26}},"51":{"start":{"line":165,"column":6},"end":{"line":165,"column":49}},"52":{"start":{"line":165,"column":19},"end":{"line":165,"column":49}},"53":{"start":{"line":166,"column":6},"end":{"line":166,"column":46}},"54":{"start":{"line":166,"column":18},"end":{"line":166,"column":46}},"55":{"start":{"line":169,"column":6},"end":{"line":182,"column":7}},"56":{"start":{"line":171,"column":13},"end":{"line":182,"column":7}},"57":{"start":{"line":173,"column":30},"end":{"line":176,"column":10}},"58":{"start":{"line":177,"column":32},"end":{"line":177,"column":60}},"59":{"start":{"line":177,"column":55},"end":{"line":177,"column":59}},"60":{"start":{"line":178,"column":8},"end":{"line":178,"column":49}},"61":{"start":{"line":181,"column":8},"end":{"line":181,"column":72}},"62":{"start":{"line":184,"column":20},"end":{"line":190,"column":8}},"63":{"start":{"line":192,"column":6},"end":{"line":192,"column":34}},"64":{"start":{"line":194,"column":6},"end":{"line":194,"column":92}},"65":{"start":{"line":199,"column":0},"end":{"line":199,"column":32}}},"fnMap":{"0":{"name":"(anonymous_0)","decl":{"start":{"line":6,"column":14},"end":{"line":6,"column":15}},"loc":{"start":{"line":6,"column":34},"end":{"line":39,"column":3}},"line":6},"1":{"name":"(anonymous_1)","decl":{"start":{"line":41,"column":22},"end":{"line":41,"column":23}},"loc":{"start":{"line":41,"column":42},"end":{"line":61,"column":3}},"line":41},"2":{"name":"(anonymous_2)","decl":{"start":{"line":63,"column":15},"end":{"line":63,"column":16}},"loc":{"start":{"line":63,"column":35},"end":{"line":106,"column":3}},"line":63},"3":{"name":"(anonymous_3)","decl":{"start":{"line":108,"column":15},"end":{"line":108,"column":16}},"loc":{"start":{"line":108,"column":35},"end":{"line":158,"column":3}},"line":108},"4":{"name":"(anonymous_4)","decl":{"start":{"line":160,"column":16},"end":{"line":160,"column":17}},"loc":{"start":{"line":160,"column":36},"end":{"line":196,"column":3}},"line":160},"5":{"name":"(anonymous_5)","decl":{"start":{"line":177,"column":50},"end":{"line":177,"column":51}},"loc":{"start":{"line":177,"column":55},"end":{"line":177,"column":59}},"line":177}},"branchMap":{"0":{"loc":{"start":{"line":44,"column":25},"end":{"line":44,"column":61}},"type":"binary-expr","locations":[{"start":{"line":44,"column":25},"end":{"line":44,"column":46}},{"start":{"line":44,"column":50},"end":{"line":44,"column":61}}],"line":44},"1":{"loc":{"start":{"line":47,"column":6},"end":{"line":47,"column":49}},"type":"if","locations":[{"start":{"line":47,"column":6},"end":{"line":47,"column":49}},{"start":{},"end":{}}],"line":47},"2":{"loc":{"start":{"line":73,"column":6},"end":{"line":75,"column":7}},"type":"if","locations":[{"start":{"line":73,"column":6},"end":{"line":75,"column":7}},{"start":{},"end":{}}],"line":73},"3":{"loc":{"start":{"line":78,"column":6},"end":{"line":80,"column":7}},"type":"if","locations":[{"start":{"line":78,"column":6},"end":{"line":80,"column":7}},{"start":{},"end":{}}],"line":78},"4":{"loc":{"start":{"line":114,"column":6},"end":{"line":116,"column":7}},"type":"if","locations":[{"start":{"line":114,"column":6},"end":{"line":116,"column":7}},{"start":{},"end":{}}],"line":114},"5":{"loc":{"start":{"line":119,"column":6},"end":{"line":121,"column":7}},"type":"if","locations":[{"start":{"line":119,"column":6},"end":{"line":121,"column":7}},{"start":{},"end":{}}],"line":119},"6":{"loc":{"start":{"line":119,"column":10},"end":{"line":119,"column":66}},"type":"binary-expr","locations":[{"start":{"line":119,"column":10},"end":{"line":119,"column":37}},{"start":{"line":119,"column":41},"end":{"line":119,"column":66}}],"line":119},"7":{"loc":{"start":{"line":125,"column":6},"end":{"line":138,"column":7}},"type":"if","locations":[{"start":{"line":125,"column":6},"end":{"line":138,"column":7}},{"start":{"line":133,"column":13},"end":{"line":138,"column":7}}],"line":125},"8":{"loc":{"start":{"line":130,"column":18},"end":{"line":130,"column":49}},"type":"binary-expr","locations":[{"start":{"line":130,"column":18},"end":{"line":130,"column":34}},{"start":{"line":130,"column":38},"end":{"line":130,"column":49}}],"line":130},"9":{"loc":{"start":{"line":143,"column":8},"end":{"line":143,"column":39}},"type":"cond-expr","locations":[{"start":{"line":143,"column":19},"end":{"line":143,"column":28}},{"start":{"line":143,"column":31},"end":{"line":143,"column":39}}],"line":143},"10":{"loc":{"start":{"line":148,"column":8},"end":{"line":148,"column":31}},"type":"binary-expr","locations":[{"start":{"line":148,"column":8},"end":{"line":148,"column":23}},{"start":{"line":148,"column":27},"end":{"line":148,"column":31}}],"line":148},"11":{"loc":{"start":{"line":152,"column":25},"end":{"line":152,"column":59}},"type":"cond-expr","locations":[{"start":{"line":152,"column":36},"end":{"line":152,"column":46}},{"start":{"line":152,"column":49},"end":{"line":152,"column":59}}],"line":152},"12":{"loc":{"start":{"line":165,"column":6},"end":{"line":165,"column":49}},"type":"if","locations":[{"start":{"line":165,"column":6},"end":{"line":165,"column":49}},{"start":{},"end":{}}],"line":165},"13":{"loc":{"start":{"line":166,"column":6},"end":{"line":166,"column":46}},"type":"if","locations":[{"start":{"line":166,"column":6},"end":{"line":166,"column":46}},{"start":{},"end":{}}],"line":166},"14":{"loc":{"start":{"line":169,"column":6},"end":{"line":182,"column":7}},"type":"if","locations":[{"start":{"line":169,"column":6},"end":{"line":182,"column":7}},{"start":{"line":171,"column":13},"end":{"line":182,"column":7}}],"line":169},"15":{"loc":{"start":{"line":171,"column":13},"end":{"line":182,"column":7}},"type":"if","locations":[{"start":{"line":171,"column":13},"end":{"line":182,"column":7}},{"start":{"line":179,"column":13},"end":{"line":182,"column":7}}],"line":171}},"s":{"0":1,"1":1,"2":1,"3":1,"4":0,"5":0,"6":0,"7":0,"8":0,"9":0,"10":0,"11":0,"12":0,"13":0,"14":0,"15":0,"16":0,"17":0,"18":0,"19":0,"20":0,"21":0,"22":0,"23":0,"24":0,"25":0,"26":0,"27":0,"28":0,"29":0,"30":0,"31":0,"32":0,"33":0,"34":0,"35":0,"36":0,"37":0,"38":0,"39":0,"40":0,"41":0,"42":0,"43":0,"44":0,"45":0,"46":0,"47":0,"48":0,"49":0,"50":0,"51":0,"52":0,"53":0,"54":0,"55":0,"56":0,"57":0,"58":0,"59":0,"60":0,"61":0,"62":0,"63":0,"64":0,"65":1},"f":{"0":0,"1":0,"2":0,"3":0,"4":0,"5":0},"b":{"0":[0,0],"1":[0,0],"2":[0,0],"3":[0,0],"4":[0,0],"5":[0,0],"6":[0,0],"7":[0,0],"8":[0,0],"9":[0,0],"10":[0,0],"11":[0,0],"12":[0,0],"13":[0,0],"14":[0,0],"15":[0,0]},"_coverageSchema":"1a1c01bbd47fc00a2c39e90264f33305004495a9","hash":"ef787f9416714f31d9be8858cb3fb9f8afacf340"}
,"C:\\Users\\karee\\OneDrive\\Documents\\Atom\\goalquest-portal\\backend\\src\\middleware\\auth.js": {"path":"C:\\Users\\karee\\OneDrive\\Documents\\Atom\\goalquest-portal\\backend\\src\\middleware\\auth.js","statementMap":{"0":{"start":{"line":1,"column":12},"end":{"line":1,"column":35}},"1":{"start":{"line":3,"column":23},"end":{"line":17,"column":1}},"2":{"start":{"line":4,"column":16},"end":{"line":4,"column":56}},"3":{"start":{"line":6,"column":2},"end":{"line":8,"column":3}},"4":{"start":{"line":7,"column":4},"end":{"line":7,"column":66}},"5":{"start":{"line":10,"column":2},"end":{"line":16,"column":3}},"6":{"start":{"line":11,"column":20},"end":{"line":11,"column":61}},"7":{"start":{"line":12,"column":4},"end":{"line":12,"column":23}},"8":{"start":{"line":13,"column":4},"end":{"line":13,"column":11}},"9":{"start":{"line":15,"column":4},"end":{"line":15,"column":84}},"10":{"start":{"line":19,"column":23},"end":{"line":33,"column":1}},"11":{"start":{"line":20,"column":2},"end":{"line":32,"column":4}},"12":{"start":{"line":21,"column":4},"end":{"line":23,"column":5}},"13":{"start":{"line":22,"column":6},"end":{"line":22,"column":73}},"14":{"start":{"line":25,"column":4},"end":{"line":29,"column":5}},"15":{"start":{"line":26,"column":6},"end":{"line":28,"column":9}},"16":{"start":{"line":31,"column":4},"end":{"line":31,"column":11}},"17":{"start":{"line":35,"column":0},"end":{"line":38,"column":2}}},"fnMap":{"0":{"name":"(anonymous_0)","decl":{"start":{"line":3,"column":23},"end":{"line":3,"column":24}},"loc":{"start":{"line":3,"column":43},"end":{"line":17,"column":1}},"line":3},"1":{"name":"(anonymous_1)","decl":{"start":{"line":19,"column":23},"end":{"line":19,"column":24}},"loc":{"start":{"line":19,"column":44},"end":{"line":33,"column":1}},"line":19},"2":{"name":"(anonymous_2)","decl":{"start":{"line":20,"column":9},"end":{"line":20,"column":10}},"loc":{"start":{"line":20,"column":29},"end":{"line":32,"column":3}},"line":20}},"branchMap":{"0":{"loc":{"start":{"line":6,"column":2},"end":{"line":8,"column":3}},"type":"if","locations":[{"start":{"line":6,"column":2},"end":{"line":8,"column":3}},{"start":{},"end":{}}],"line":6},"1":{"loc":{"start":{"line":21,"column":4},"end":{"line":23,"column":5}},"type":"if","locations":[{"start":{"line":21,"column":4},"end":{"line":23,"column":5}},{"start":{},"end":{}}],"line":21},"2":{"loc":{"start":{"line":25,"column":4},"end":{"line":29,"column":5}},"type":"if","locations":[{"start":{"line":25,"column":4},"end":{"line":29,"column":5}},{"start":{},"end":{}}],"line":25}},"s":{"0":1,"1":1,"2":1,"3":1,"4":0,"5":1,"6":1,"7":1,"8":1,"9":0,"10":1,"11":6,"12":1,"13":0,"14":1,"15":0,"16":1,"17":1},"f":{"0":1,"1":6,"2":1},"b":{"0":[0,1],"1":[0,1],"2":[0,1]},"_coverageSchema":"1a1c01bbd47fc00a2c39e90264f33305004495a9","hash":"03334aac2e55e6e2ec18b1f614d053b3168e23a8"}
,"C:\\Users\\karee\\OneDrive\\Documents\\Atom\\goalquest-portal\\backend\\src\\models\\AuditLog.js": {"path":"C:\\Users\\karee\\OneDrive\\Documents\\Atom\\goalquest-portal\\backend\\src\\models\\AuditLog.js","statementMap":{"0":{"start":{"line":1,"column":22},"end":{"line":1,"column":42}},"1":{"start":{"line":3,"column":0},"end":{"line":37,"column":2}},"2":{"start":{"line":4,"column":19},"end":{"line":34,"column":4}},"3":{"start":{"line":36,"column":2},"end":{"line":36,"column":18}}},"fnMap":{"0":{"name":"(anonymous_0)","decl":{"start":{"line":3,"column":17},"end":{"line":3,"column":18}},"loc":{"start":{"line":3,"column":32},"end":{"line":37,"column":1}},"line":3}},"branchMap":{},"s":{"0":1,"1":1,"2":1,"3":1},"f":{"0":1},"b":{},"_coverageSchema":"1a1c01bbd47fc00a2c39e90264f33305004495a9","hash":"3265f379f2d53c232e5ccb2a680cf00a30b8a0ce"}
,"C:\\Users\\karee\\OneDrive\\Documents\\Atom\\goalquest-portal\\backend\\src\\models\\CheckIn.js": {"path":"C:\\Users\\karee\\OneDrive\\Documents\\Atom\\goalquest-portal\\backend\\src\\models\\CheckIn.js","statementMap":{"0":{"start":{"line":1,"column":22},"end":{"line":1,"column":42}},"1":{"start":{"line":3,"column":0},"end":{"line":49,"column":2}},"2":{"start":{"line":4,"column":18},"end":{"line":46,"column":4}},"3":{"start":{"line":48,"column":2},"end":{"line":48,"column":17}}},"fnMap":{"0":{"name":"(anonymous_0)","decl":{"start":{"line":3,"column":17},"end":{"line":3,"column":18}},"loc":{"start":{"line":3,"column":32},"end":{"line":49,"column":1}},"line":3}},"branchMap":{},"s":{"0":1,"1":1,"2":1,"3":1},"f":{"0":1},"b":{},"_coverageSchema":"1a1c01bbd47fc00a2c39e90264f33305004495a9","hash":"2487be3f8c474a1f9d15a94f42aa71555fcf6a0e"}
,"C:\\Users\\karee\\OneDrive\\Documents\\Atom\\goalquest-portal\\backend\\src\\models\\Cycle.js": {"path":"C:\\Users\\karee\\OneDrive\\Documents\\Atom\\goalquest-portal\\backend\\src\\models\\Cycle.js","statementMap":{"0":{"start":{"line":1,"column":22},"end":{"line":1,"column":42}},"1":{"start":{"line":3,"column":0},"end":{"line":42,"column":2}},"2":{"start":{"line":4,"column":16},"end":{"line":39,"column":4}},"3":{"start":{"line":41,"column":2},"end":{"line":41,"column":15}}},"fnMap":{"0":{"name":"(anonymous_0)","decl":{"start":{"line":3,"column":17},"end":{"line":3,"column":18}},"loc":{"start":{"line":3,"column":32},"end":{"line":42,"column":1}},"line":3}},"branchMap":{},"s":{"0":1,"1":1,"2":1,"3":1},"f":{"0":1},"b":{},"_coverageSchema":"1a1c01bbd47fc00a2c39e90264f33305004495a9","hash":"b792fbc3de949d4990cdb29d4ee0e233c8e45325"}
,"C:\\Users\\karee\\OneDrive\\Documents\\Atom\\goalquest-portal\\backend\\src\\models\\Goal.js": {"path":"C:\\Users\\karee\\OneDrive\\Documents\\Atom\\goalquest-portal\\backend\\src\\models\\Goal.js","statementMap":{"0":{"start":{"line":1,"column":22},"end":{"line":1,"column":42}},"1":{"start":{"line":3,"column":0},"end":{"line":78,"column":2}},"2":{"start":{"line":4,"column":15},"end":{"line":75,"column":4}},"3":{"start":{"line":77,"column":2},"end":{"line":77,"column":14}}},"fnMap":{"0":{"name":"(anonymous_0)","decl":{"start":{"line":3,"column":17},"end":{"line":3,"column":18}},"loc":{"start":{"line":3,"column":32},"end":{"line":78,"column":1}},"line":3}},"branchMap":{},"s":{"0":1,"1":1,"2":1,"3":1},"f":{"0":1},"b":{},"_coverageSchema":"1a1c01bbd47fc00a2c39e90264f33305004495a9","hash":"0f3cd07b6c78202f66e9d6c11879aafa2c2e126c"}
,"C:\\Users\\karee\\OneDrive\\Documents\\Atom\\goalquest-portal\\backend\\src\\models\\User.js": {"path":"C:\\Users\\karee\\OneDrive\\Documents\\Atom\\goalquest-portal\\backend\\src\\models\\User.js","statementMap":{"0":{"start":{"line":1,"column":22},"end":{"line":1,"column":42}},"1":{"start":{"line":3,"column":0},"end":{"line":52,"column":2}},"2":{"start":{"line":4,"column":15},"end":{"line":49,"column":4}},"3":{"start":{"line":51,"column":2},"end":{"line":51,"column":14}}},"fnMap":{"0":{"name":"(anonymous_0)","decl":{"start":{"line":3,"column":17},"end":{"line":3,"column":18}},"loc":{"start":{"line":3,"column":32},"end":{"line":52,"column":1}},"line":3}},"branchMap":{},"s":{"0":1,"1":1,"2":1,"3":1},"f":{"0":1},"b":{},"_coverageSchema":"1a1c01bbd47fc00a2c39e90264f33305004495a9","hash":"d1dc57ee33e3b148bb34c70c7110c76edf2b35c9"}
,"C:\\Users\\karee\\OneDrive\\Documents\\Atom\\goalquest-portal\\backend\\src\\models\\index.js": {"path":"C:\\Users\\karee\\OneDrive\\Documents\\Atom\\goalquest-portal\\backend\\src\\models\\index.js","statementMap":{"0":{"start":{"line":1,"column":22},"end":{"line":1,"column":42}},"1":{"start":{"line":2,"column":15},"end":{"line":2,"column":44}},"2":{"start":{"line":4,"column":12},"end":{"line":4,"column":49}},"3":{"start":{"line":5,"column":17},"end":{"line":5,"column":28}},"4":{"start":{"line":7,"column":18},"end":{"line":18,"column":1}},"5":{"start":{"line":20,"column":11},"end":{"line":20,"column":13}},"6":{"start":{"line":22,"column":0},"end":{"line":22,"column":25}},"7":{"start":{"line":23,"column":0},"end":{"line":23,"column":25}},"8":{"start":{"line":26,"column":0},"end":{"line":26,"column":39}},"9":{"start":{"line":27,"column":0},"end":{"line":27,"column":41}},"10":{"start":{"line":28,"column":0},"end":{"line":28,"column":39}},"11":{"start":{"line":29,"column":0},"end":{"line":29,"column":45}},"12":{"start":{"line":30,"column":0},"end":{"line":30,"column":47}},"13":{"start":{"line":33,"column":0},"end":{"line":33,"column":68}},"14":{"start":{"line":34,"column":0},"end":{"line":34,"column":73}},"15":{"start":{"line":36,"column":0},"end":{"line":36,"column":57}},"16":{"start":{"line":37,"column":0},"end":{"line":37,"column":74}},"17":{"start":{"line":39,"column":0},"end":{"line":39,"column":53}},"18":{"start":{"line":40,"column":0},"end":{"line":40,"column":68}},"19":{"start":{"line":42,"column":0},"end":{"line":42,"column":54}},"20":{"start":{"line":43,"column":0},"end":{"line":43,"column":56}},"21":{"start":{"line":45,"column":0},"end":{"line":45,"column":55}},"22":{"start":{"line":46,"column":0},"end":{"line":46,"column":57}},"23":{"start":{"line":49,"column":0},"end":{"line":49,"column":84}},"24":{"start":{"line":50,"column":0},"end":{"line":50,"column":89}},"25":{"start":{"line":52,"column":0},"end":{"line":52,"column":20}}},"fnMap":{},"branchMap":{"0":{"loc":{"start":{"line":4,"column":12},"end":{"line":4,"column":49}},"type":"binary-expr","locations":[{"start":{"line":4,"column":12},"end":{"line":4,"column":32}},{"start":{"line":4,"column":36},"end":{"line":4,"column":49}}],"line":4}},"s":{"0":1,"1":1,"2":1,"3":1,"4":1,"5":1,"6":1,"7":1,"8":1,"9":1,"10":1,"11":1,"12":1,"13":1,"14":1,"15":1,"16":1,"17":1,"18":1,"19":1,"20":1,"21":1,"22":1,"23":1,"24":1,"25":1},"f":{},"b":{"0":[1,0]},"_coverageSchema":"1a1c01bbd47fc00a2c39e90264f33305004495a9","hash":"80f0bb2e9823e09b64bcb2ec80c773ca040a5862"}
,"C:\\Users\\karee\\OneDrive\\Documents\\Atom\\goalquest-portal\\backend\\src\\routes\\auth.js": {"path":"C:\\Users\\karee\\OneDrive\\Documents\\Atom\\goalquest-portal\\backend\\src\\routes\\auth.js","statementMap":{"0":{"start":{"line":1,"column":16},"end":{"line":1,"column":34}},"1":{"start":{"line":2,"column":23},"end":{"line":2,"column":63}},"2":{"start":{"line":3,"column":27},"end":{"line":3,"column":56}},"3":{"start":{"line":5,"column":15},"end":{"line":5,"column":31}},"4":{"start":{"line":7,"column":0},"end":{"line":7,"column":50}},"5":{"start":{"line":8,"column":0},"end":{"line":8,"column":44}},"6":{"start":{"line":9,"column":0},"end":{"line":9,"column":65}},"7":{"start":{"line":10,"column":0},"end":{"line":10,"column":69}},"8":{"start":{"line":12,"column":0},"end":{"line":12,"column":24}}},"fnMap":{},"branchMap":{},"s":{"0":1,"1":1,"2":1,"3":1,"4":1,"5":1,"6":1,"7":1,"8":1},"f":{},"b":{},"_coverageSchema":"1a1c01bbd47fc00a2c39e90264f33305004495a9","hash":"19dff246cd6d5beec3c987ba56bdfce172f79914"}
,"C:\\Users\\karee\\OneDrive\\Documents\\Atom\\goalquest-portal\\backend\\src\\routes\\checkIns.js": {"path":"C:\\Users\\karee\\OneDrive\\Documents\\Atom\\goalquest-portal\\backend\\src\\routes\\checkIns.js","statementMap":{"0":{"start":{"line":1,"column":16},"end":{"line":1,"column":34}},"1":{"start":{"line":2,"column":26},"end":{"line":2,"column":69}},"2":{"start":{"line":3,"column":43},"end":{"line":3,"column":72}},"3":{"start":{"line":5,"column":15},"end":{"line":5,"column":31}},"4":{"start":{"line":7,"column":0},"end":{"line":7,"column":27}},"5":{"start":{"line":9,"column":0},"end":{"line":9,"column":50}},"6":{"start":{"line":10,"column":0},"end":{"line":10,"column":47}},"7":{"start":{"line":11,"column":0},"end":{"line":11,"column":107}},"8":{"start":{"line":12,"column":0},"end":{"line":12,"column":103}},"9":{"start":{"line":14,"column":0},"end":{"line":14,"column":24}}},"fnMap":{},"branchMap":{},"s":{"0":1,"1":1,"2":1,"3":1,"4":1,"5":1,"6":1,"7":1,"8":1,"9":1},"f":{},"b":{},"_coverageSchema":"1a1c01bbd47fc00a2c39e90264f33305004495a9","hash":"60d55572b2d903eb1ede3ac92e48a706b366f7a3"}
,"C:\\Users\\karee\\OneDrive\\Documents\\Atom\\goalquest-portal\\backend\\src\\routes\\cycles.js": {"path":"C:\\Users\\karee\\OneDrive\\Documents\\Atom\\goalquest-portal\\backend\\src\\routes\\cycles.js","statementMap":{"0":{"start":{"line":1,"column":16},"end":{"line":1,"column":34}},"1":{"start":{"line":2,"column":24},"end":{"line":2,"column":65}},"2":{"start":{"line":3,"column":43},"end":{"line":3,"column":72}},"3":{"start":{"line":5,"column":15},"end":{"line":5,"column":31}},"4":{"start":{"line":7,"column":0},"end":{"line":7,"column":27}},"5":{"start":{"line":9,"column":0},"end":{"line":9,"column":71}},"6":{"start":{"line":10,"column":0},"end":{"line":10,"column":54}},"7":{"start":{"line":11,"column":0},"end":{"line":11,"column":43}},"8":{"start":{"line":12,"column":0},"end":{"line":12,"column":78}},"9":{"start":{"line":14,"column":0},"end":{"line":14,"column":24}}},"fnMap":{},"branchMap":{},"s":{"0":1,"1":1,"2":1,"3":1,"4":1,"5":1,"6":1,"7":1,"8":1,"9":1},"f":{},"b":{},"_coverageSchema":"1a1c01bbd47fc00a2c39e90264f33305004495a9","hash":"f4017822b1a0d7067162a186ba74344412119bd7"}
,"C:\\Users\\karee\\OneDrive\\Documents\\Atom\\goalquest-portal\\backend\\src\\routes\\goals.js": {"path":"C:\\Users\\karee\\OneDrive\\Documents\\Atom\\goalquest-portal\\backend\\src\\routes\\goals.js","statementMap":{"0":{"start":{"line":1,"column":16},"end":{"line":1,"column":34}},"1":{"start":{"line":2,"column":23},"end":{"line":2,"column":63}},"2":{"start":{"line":3,"column":43},"end":{"line":3,"column":72}},"3":{"start":{"line":5,"column":15},"end":{"line":5,"column":31}},"4":{"start":{"line":7,"column":0},"end":{"line":7,"column":27}},"5":{"start":{"line":10,"column":0},"end":{"line":10,"column":44}},"6":{"start":{"line":11,"column":0},"end":{"line":11,"column":62}},"7":{"start":{"line":12,"column":0},"end":{"line":12,"column":71}},"8":{"start":{"line":13,"column":0},"end":{"line":13,"column":51}},"9":{"start":{"line":16,"column":0},"end":{"line":16,"column":96}},"10":{"start":{"line":17,"column":0},"end":{"line":17,"column":85}},"11":{"start":{"line":19,"column":0},"end":{"line":19,"column":24}}},"fnMap":{},"branchMap":{},"s":{"0":1,"1":1,"2":1,"3":1,"4":1,"5":1,"6":1,"7":1,"8":1,"9":1,"10":1,"11":1},"f":{},"b":{},"_coverageSchema":"1a1c01bbd47fc00a2c39e90264f33305004495a9","hash":"e14b79a5d7ce953a564af91cd76f3fe3440a90a6"}
,"C:\\Users\\karee\\OneDrive\\Documents\\Atom\\goalquest-portal\\backend\\src\\utils\\auth.js": {"path":"C:\\Users\\karee\\OneDrive\\Documents\\Atom\\goalquest-portal\\backend\\src\\utils\\auth.js","statementMap":{"0":{"start":{"line":1,"column":12},"end":{"line":1,"column":35}},"1":{"start":{"line":2,"column":15},"end":{"line":2,"column":34}},"2":{"start":{"line":4,"column":22},"end":{"line":15,"column":1}},"3":{"start":{"line":5,"column":2},"end":{"line":14,"column":4}},"4":{"start":{"line":17,"column":21},"end":{"line":20,"column":1}},"5":{"start":{"line":18,"column":15},"end":{"line":18,"column":39}},"6":{"start":{"line":19,"column":2},"end":{"line":19,"column":37}},"7":{"start":{"line":22,"column":24},"end":{"line":24,"column":1}},"8":{"start":{"line":23,"column":2},"end":{"line":23,"column":50}},"9":{"start":{"line":26,"column":25},"end":{"line":36,"column":1}},"10":{"start":{"line":27,"column":2},"end":{"line":35,"column":4}},"11":{"start":{"line":38,"column":0},"end":{"line":43,"column":2}}},"fnMap":{"0":{"name":"(anonymous_0)","decl":{"start":{"line":4,"column":22},"end":{"line":4,"column":23}},"loc":{"start":{"line":4,"column":32},"end":{"line":15,"column":1}},"line":4},"1":{"name":"(anonymous_1)","decl":{"start":{"line":17,"column":21},"end":{"line":17,"column":22}},"loc":{"start":{"line":17,"column":41},"end":{"line":20,"column":1}},"line":17},"2":{"name":"(anonymous_2)","decl":{"start":{"line":22,"column":24},"end":{"line":22,"column":25}},"loc":{"start":{"line":22,"column":60},"end":{"line":24,"column":1}},"line":22},"3":{"name":"(anonymous_3)","decl":{"start":{"line":26,"column":25},"end":{"line":26,"column":26}},"loc":{"start":{"line":26,"column":97},"end":{"line":36,"column":1}},"line":26}},"branchMap":{"0":{"loc":{"start":{"line":13,"column":17},"end":{"line":13,"column":47}},"type":"binary-expr","locations":[{"start":{"line":13,"column":17},"end":{"line":13,"column":39}},{"start":{"line":13,"column":43},"end":{"line":13,"column":47}}],"line":13},"1":{"loc":{"start":{"line":32,"column":15},"end":{"line":32,"column":30}},"type":"binary-expr","locations":[{"start":{"line":32,"column":15},"end":{"line":32,"column":24}},{"start":{"line":32,"column":28},"end":{"line":32,"column":30}}],"line":32},"2":{"loc":{"start":{"line":33,"column":15},"end":{"line":33,"column":30}},"type":"binary-expr","locations":[{"start":{"line":33,"column":15},"end":{"line":33,"column":24}},{"start":{"line":33,"column":28},"end":{"line":33,"column":30}}],"line":33},"3":{"loc":{"start":{"line":34,"column":12},"end":{"line":34,"column":26}},"type":"binary-expr","locations":[{"start":{"line":34,"column":12},"end":{"line":34,"column":18}},{"start":{"line":34,"column":22},"end":{"line":34,"column":26}}],"line":34}},"s":{"0":1,"1":1,"2":1,"3":1,"4":1,"5":0,"6":0,"7":1,"8":0,"9":1,"10":0,"11":1},"f":{"0":1,"1":0,"2":0,"3":0},"b":{"0":[1,0],"1":[0,0],"2":[0,0],"3":[0,0]},"_coverageSchema":"1a1c01bbd47fc00a2c39e90264f33305004495a9","hash":"e441b7f5f8e6f272fd27690722a4ed2624cdfef6"}
,"C:\\Users\\karee\\OneDrive\\Documents\\Atom\\goalquest-portal\\backend\\src\\utils\\validation.js": {"path":"C:\\Users\\karee\\OneDrive\\Documents\\Atom\\goalquest-portal\\backend\\src\\utils\\validation.js","statementMap":{"0":{"start":{"line":2,"column":30},"end":{"line":22,"column":1}},"1":{"start":{"line":3,"column":25},"end":{"line":3,"column":89}},"2":{"start":{"line":3,"column":53},"end":{"line":3,"column":85}},"3":{"start":{"line":5,"column":2},"end":{"line":10,"column":3}},"4":{"start":{"line":6,"column":4},"end":{"line":9,"column":6}},"5":{"start":{"line":12,"column":2},"end":{"line":19,"column":3}},"6":{"start":{"line":13,"column":4},"end":{"line":18,"column":5}},"7":{"start":{"line":14,"column":6},"end":{"line":17,"column":8}},"8":{"start":{"line":21,"column":2},"end":{"line":21,"column":25}},"9":{"start":{"line":24,"column":26},"end":{"line":40,"column":1}},"10":{"start":{"line":25,"column":2},"end":{"line":30,"column":3}},"11":{"start":{"line":26,"column":4},"end":{"line":29,"column":6}},"12":{"start":{"line":32,"column":2},"end":{"line":37,"column":3}},"13":{"start":{"line":33,"column":4},"end":{"line":36,"column":6}},"14":{"start":{"line":39,"column":2},"end":{"line":39,"column":25}},"15":{"start":{"line":42,"column":31},"end":{"line":65,"column":1}},"16":{"start":{"line":43,"column":2},"end":{"line":43,"column":38}},"17":{"start":{"line":43,"column":26},"end":{"line":43,"column":38}},"18":{"start":{"line":45,"column":20},"end":{"line":45,"column":38}},"19":{"start":{"line":46,"column":20},"end":{"line":46,"column":38}},"20":{"start":{"line":48,"column":2},"end":{"line":64,"column":3}},"21":{"start":{"line":52,"column":6},"end":{"line":52,"column":58}},"22":{"start":{"line":56,"column":6},"end":{"line":56,"column":74}},"23":{"start":{"line":60,"column":6},"end":{"line":60,"column":39}},"24":{"start":{"line":63,"column":6},"end":{"line":63,"column":18}},"25":{"start":{"line":67,"column":26},"end":{"line":72,"column":1}},"26":{"start":{"line":68,"column":2},"end":{"line":68,"column":51}},"27":{"start":{"line":68,"column":30},"end":{"line":68,"column":51}},"28":{"start":{"line":69,"column":2},"end":{"line":69,"column":47}},"29":{"start":{"line":69,"column":28},"end":{"line":69,"column":47}},"30":{"start":{"line":70,"column":2},"end":{"line":70,"column":45}},"31":{"start":{"line":70,"column":27},"end":{"line":70,"column":45}},"32":{"start":{"line":71,"column":2},"end":{"line":71,"column":19}},"33":{"start":{"line":74,"column":0},"end":{"line":79,"column":2}}},"fnMap":{"0":{"name":"(anonymous_0)","decl":{"start":{"line":2,"column":30},"end":{"line":2,"column":31}},"loc":{"start":{"line":2,"column":41},"end":{"line":22,"column":1}},"line":2},"1":{"name":"(anonymous_1)","decl":{"start":{"line":3,"column":38},"end":{"line":3,"column":39}},"loc":{"start":{"line":3,"column":53},"end":{"line":3,"column":85}},"line":3},"2":{"name":"(anonymous_2)","decl":{"start":{"line":24,"column":26},"end":{"line":24,"column":27}},"loc":{"start":{"line":24,"column":37},"end":{"line":40,"column":1}},"line":24},"3":{"name":"(anonymous_3)","decl":{"start":{"line":42,"column":31},"end":{"line":42,"column":32}},"loc":{"start":{"line":42,"column":56},"end":{"line":65,"column":1}},"line":42},"4":{"name":"(anonymous_4)","decl":{"start":{"line":67,"column":26},"end":{"line":67,"column":27}},"loc":{"start":{"line":67,"column":45},"end":{"line":72,"column":1}},"line":67}},"branchMap":{"0":{"loc":{"start":{"line":5,"column":2},"end":{"line":10,"column":3}},"type":"if","locations":[{"start":{"line":5,"column":2},"end":{"line":10,"column":3}},{"start":{},"end":{}}],"line":5},"1":{"loc":{"start":{"line":13,"column":4},"end":{"line":18,"column":5}},"type":"if","locations":[{"start":{"line":13,"column":4},"end":{"line":18,"column":5}},{"start":{},"end":{}}],"line":13},"2":{"loc":{"start":{"line":25,"column":2},"end":{"line":30,"column":3}},"type":"if","locations":[{"start":{"line":25,"column":2},"end":{"line":30,"column":3}},{"start":{},"end":{}}],"line":25},"3":{"loc":{"start":{"line":32,"column":2},"end":{"line":37,"column":3}},"type":"if","locations":[{"start":{"line":32,"column":2},"end":{"line":37,"column":3}},{"start":{},"end":{}}],"line":32},"4":{"loc":{"start":{"line":43,"column":2},"end":{"line":43,"column":38}},"type":"if","locations":[{"start":{"line":43,"column":2},"end":{"line":43,"column":38}},{"start":{},"end":{}}],"line":43},"5":{"loc":{"start":{"line":43,"column":6},"end":{"line":43,"column":24}},"type":"binary-expr","locations":[{"start":{"line":43,"column":6},"end":{"line":43,"column":13}},{"start":{"line":43,"column":17},"end":{"line":43,"column":24}}],"line":43},"6":{"loc":{"start":{"line":48,"column":2},"end":{"line":64,"column":3}},"type":"switch","locations":[{"start":{"line":49,"column":4},"end":{"line":49,"column":19}},{"start":{"line":50,"column":4},"end":{"line":52,"column":58}},{"start":{"line":54,"column":4},"end":{"line":56,"column":74}},{"start":{"line":58,"column":4},"end":{"line":60,"column":39}},{"start":{"line":62,"column":4},"end":{"line":63,"column":18}}],"line":48},"7":{"loc":{"start":{"line":56,"column":13},"end":{"line":56,"column":73}},"type":"cond-expr","locations":[{"start":{"line":56,"column":38},"end":{"line":56,"column":41}},{"start":{"line":56,"column":44},"end":{"line":56,"column":73}}],"line":56},"8":{"loc":{"start":{"line":60,"column":13},"end":{"line":60,"column":38}},"type":"cond-expr","locations":[{"start":{"line":60,"column":31},"end":{"line":60,"column":34}},{"start":{"line":60,"column":37},"end":{"line":60,"column":38}}],"line":60},"9":{"loc":{"start":{"line":68,"column":2},"end":{"line":68,"column":51}},"type":"if","locations":[{"start":{"line":68,"column":2},"end":{"line":68,"column":51}},{"start":{},"end":{}}],"line":68},"10":{"loc":{"start":{"line":69,"column":2},"end":{"line":69,"column":47}},"type":"if","locations":[{"start":{"line":69,"column":2},"end":{"line":69,"column":47}},{"start":{},"end":{}}],"line":69},"11":{"loc":{"start":{"line":70,"column":2},"end":{"line":70,"column":45}},"type":"if","locations":[{"start":{"line":70,"column":2},"end":{"line":70,"column":45}},{"start":{},"end":{}}],"line":70}},"s":{"0":1,"1":0,"2":0,"3":0,"4":0,"5":0,"6":0,"7":0,"8":0,"9":1,"10":0,"11":0,"12":0,"13":0,"14":0,"15":1,"16":0,"17":0,"18":0,"19":0,"20":0,"21":0,"22":0,"23":0,"24":0,"25":1,"26":0,"27":0,"28":0,"29":0,"30":0,"31":0,"32":0,"33":1},"f":{"0":0,"1":0,"2":0,"3":0,"4":0},"b":{"0":[0,0],"1":[0,0],"2":[0,0],"3":[0,0],"4":[0,0],"5":[0,0],"6":[0,0,0,0,0],"7":[0,0],"8":[0,0],"9":[0,0],"10":[0,0],"11":[0,0]},"_coverageSchema":"1a1c01bbd47fc00a2c39e90264f33305004495a9","hash":"968144e9764322e671d1384a9e3f40132854392a"}
}
