TN:
SF:src\index.js
FN:25,(anonymous_0)
FN:30,(anonymous_1)
FN:42,(anonymous_2)
FN:48,(anonymous_3)
FN:51,(anonymous_4)
FN:55,(anonymous_5)
FNF:6
FNH:3
FNDA:0,(anonymous_0)
FNDA:0,(anonymous_1)
FNDA:1,(anonymous_2)
FNDA:1,(anonymous_3)
FNDA:1,(anonymous_4)
FNDA:0,(anonymous_5)
DA:1,1
DA:2,1
DA:3,1
DA:4,1
DA:5,1
DA:7,1
DA:10,1
DA:11,1
DA:15,1
DA:16,1
DA:19,1
DA:20,1
DA:21,1
DA:22,1
DA:25,1
DA:26,0
DA:30,1
DA:31,0
DA:32,0
DA:39,1
DA:41,1
DA:43,1
DA:46,1
DA:49,1
DA:51,1
DA:52,1
DA:56,0
DA:57,0
DA:60,1
LF:29
LH:24
BRDA:12,0,0,1
BRDA:12,0,1,1
BRDA:32,1,0,0
BRDA:32,1,1,0
BRDA:33,2,0,0
BRDA:33,2,1,0
BRDA:34,3,0,0
BRDA:34,3,1,0
BRDA:39,4,0,1
BRDA:39,4,1,0
BRF:10
BRH:3
end_of_record
TN:
SF:src\config\database.js
FNF:0
FNH:0
DA:1,1
DA:3,1
LF:2
LH:2
BRDA:6,0,0,1
BRDA:6,0,1,0
BRDA:8,1,0,1
BRDA:8,1,1,0
BRF:4
BRH:2
end_of_record
TN:
SF:src\controllers\authController.js
FN:5,(anonymous_0)
FN:41,(anonymous_1)
FN:75,(anonymous_2)
FN:87,(anonymous_3)
FNF:4
FNH:0
FNDA:0,(anonymous_0)
FNDA:0,(anonymous_1)
FNDA:0,(anonymous_2)
FNDA:0,(anonymous_3)
DA:1,1
DA:2,1
DA:4,1
DA:6,0
DA:7,0
DA:9,0
DA:10,0
DA:11,0
DA:14,0
DA:15,0
DA:24,0
DA:25,0
DA:37,0
DA:42,0
DA:43,0
DA:45,0
DA:46,0
DA:47,0
DA:50,0
DA:51,0
DA:52,0
DA:55,0
DA:57,0
DA:58,0
DA:71,0
DA:76,0
DA:77,0
DA:81,0
DA:83,0
DA:88,0
DA:89,0
DA:91,0
DA:92,0
DA:94,0
DA:105,0
DA:110,1
LF:36
LH:4
BRDA:10,0,0,0
BRDA:10,0,1,0
BRDA:21,1,0,0
BRDA:21,1,1,0
BRDA:46,2,0,0
BRDA:46,2,1,0
BRDA:51,3,0,0
BRDA:51,3,1,0
BRF:8
BRH:0
end_of_record
TN:
SF:src\controllers\checkInController.js
FN:6,(anonymous_0)
FN:63,(anonymous_1)
FN:85,(anonymous_2)
FN:121,(anonymous_3)
FN:131,(anonymous_4)
FN:144,(anonymous_5)
FN:148,(anonymous_6)
FN:158,(anonymous_7)
FN:167,(anonymous_8)
FN:169,(anonymous_9)
FNF:10
FNH:7
FNDA:0,(anonymous_0)
FNDA:0,(anonymous_1)
FNDA:0,(anonymous_2)
FNDA:1,(anonymous_3)
FNDA:1,(anonymous_4)
FNDA:2,(anonymous_5)
FNDA:2,(anonymous_6)
FNDA:1,(anonymous_7)
FNDA:2,(anonymous_8)
FNDA:1,(anonymous_9)
DA:1,1
DA:2,1
DA:3,1
DA:5,1
DA:7,0
DA:8,0
DA:10,0
DA:11,0
DA:12,0
DA:16,0
DA:21,0
DA:23,0
DA:34,0
DA:41,0
DA:50,0
DA:59,0
DA:64,0
DA:65,0
DA:67,0
DA:68,0
DA:69,0
DA:71,0
DA:79,0
DA:81,0
DA:86,0
DA:87,0
DA:88,0
DA:90,0
DA:91,0
DA:92,0
DA:95,0
DA:97,0
DA:103,0
DA:112,0
DA:117,0
DA:122,1
DA:123,1
DA:126,1
DA:131,1
DA:134,1
DA:135,0
DA:139,1
DA:144,2
DA:147,1
DA:148,2
DA:151,1
DA:157,1
DA:158,1
DA:159,1
DA:160,1
DA:161,1
DA:166,1
DA:167,2
DA:169,1
DA:170,1
DA:171,1
DA:173,1
DA:185,1
DA:187,0
DA:192,1
LF:60
LH:27
BRDA:11,0,0,0
BRDA:11,0,1,0
BRDA:27,1,0,0
BRDA:27,1,1,0
BRDA:68,2,0,0
BRDA:68,2,1,0
BRDA:69,3,0,0
BRDA:69,3,1,0
BRDA:91,4,0,0
BRDA:91,4,1,0
BRDA:134,5,0,0
BRDA:134,5,1,1
BRDA:151,6,0,1
BRDA:151,6,1,0
BRDA:159,7,0,1
BRDA:159,7,1,0
BRDA:161,8,0,1
BRDA:161,8,1,0
BRDA:161,9,0,1
BRDA:161,9,1,1
BRDA:167,10,0,2
BRDA:167,10,1,1
BRDA:170,11,0,1
BRDA:170,11,1,0
BRDA:171,12,0,1
BRDA:171,12,1,0
BRDA:181,13,0,1
BRDA:181,13,1,0
BRF:28
BRH:11
end_of_record
TN:
SF:src\controllers\cycleController.js
FN:5,(anonymous_0)
FN:39,(anonymous_1)
FN:51,(anonymous_2)
FN:71,(anonymous_3)
FNF:4
FNH:0
FNDA:0,(anonymous_0)
FNDA:0,(anonymous_1)
FNDA:0,(anonymous_2)
FNDA:0,(anonymous_3)
DA:1,1
DA:2,1
DA:4,1
DA:6,0
DA:7,0
DA:9,0
DA:21,0
DA:30,0
DA:35,0
DA:40,0
DA:41,0
DA:45,0
DA:47,0
DA:52,0
DA:53,0
DA:54,0
DA:61,0
DA:62,0
DA:65,0
DA:67,0
DA:72,0
DA:73,0
DA:74,0
DA:76,0
DA:77,0
DA:78,0
DA:81,0
DA:83,0
DA:90,0
DA:99,0
DA:104,0
DA:109,1
LF:32
LH:4
BRDA:15,0,0,0
BRDA:15,0,1,0
BRDA:16,1,0,0
BRDA:16,1,1,0
BRDA:61,2,0,0
BRDA:61,2,1,0
BRDA:77,3,0,0
BRDA:77,3,1,0
BRDA:84,4,0,0
BRDA:84,4,1,0
BRDA:85,5,0,0
BRDA:85,5,1,0
BRDA:86,6,0,0
BRDA:86,6,1,0
BRF:14
BRH:0
end_of_record
TN:
SF:src\controllers\goalController.js
FN:6,(anonymous_0)
FN:41,(anonymous_1)
FN:63,(anonymous_2)
FN:108,(anonymous_3)
FN:160,(anonymous_4)
FN:177,(anonymous_5)
FNF:6
FNH:0
FNDA:0,(anonymous_0)
FNDA:0,(anonymous_1)
FNDA:0,(anonymous_2)
FNDA:0,(anonymous_3)
FNDA:0,(anonymous_4)
FNDA:0,(anonymous_5)
DA:1,1
DA:2,1
DA:3,1
DA:5,1
DA:7,0
DA:8,0
DA:10,0
DA:23,0
DA:32,0
DA:37,0
DA:42,0
DA:43,0
DA:44,0
DA:46,0
DA:47,0
DA:49,0
DA:57,0
DA:59,0
DA:64,0
DA:65,0
DA:67,0
DA:72,0
DA:73,0
DA:74,0
DA:77,0
DA:78,0
DA:79,0
DA:83,0
DA:89,0
DA:90,0
DA:100,0
DA:104,0
DA:109,0
DA:110,0
DA:111,0
DA:113,0
DA:114,0
DA:115,0
DA:119,0
DA:120,0
DA:123,0
DA:125,0
DA:126,0
DA:134,0
DA:141,0
DA:151,0
DA:156,0
DA:161,0
DA:162,0
DA:164,0
DA:165,0
DA:166,0
DA:169,0
DA:171,0
DA:173,0
DA:177,0
DA:178,0
DA:181,0
DA:184,0
DA:192,0
DA:194,0
DA:199,1
LF:62
LH:5
BRDA:44,0,0,0
BRDA:44,0,1,0
BRDA:47,1,0,0
BRDA:47,1,1,0
BRDA:73,2,0,0
BRDA:73,2,1,0
BRDA:78,3,0,0
BRDA:78,3,1,0
BRDA:114,4,0,0
BRDA:114,4,1,0
BRDA:119,5,0,0
BRDA:119,5,1,0
BRDA:119,6,0,0
BRDA:119,6,1,0
BRDA:125,7,0,0
BRDA:125,7,1,0
BRDA:130,8,0,0
BRDA:130,8,1,0
BRDA:143,9,0,0
BRDA:143,9,1,0
BRDA:148,10,0,0
BRDA:148,10,1,0
BRDA:152,11,0,0
BRDA:152,11,1,0
BRDA:165,12,0,0
BRDA:165,12,1,0
BRDA:166,13,0,0
BRDA:166,13,1,0
BRDA:169,14,0,0
BRDA:169,14,1,0
BRDA:171,15,0,0
BRDA:171,15,1,0
BRF:32
BRH:0
end_of_record
TN:
SF:src\middleware\auth.js
FN:3,(anonymous_0)
FN:19,(anonymous_1)
FN:20,(anonymous_2)
FNF:3
FNH:3
FNDA:1,(anonymous_0)
FNDA:6,(anonymous_1)
FNDA:1,(anonymous_2)
DA:1,1
DA:3,1
DA:4,1
DA:6,1
DA:7,0
DA:10,1
DA:11,1
DA:12,1
DA:13,1
DA:15,0
DA:19,1
DA:20,6
DA:21,1
DA:22,0
DA:25,1
DA:26,0
DA:31,1
DA:35,1
LF:18
LH:14
BRDA:6,0,0,0
BRDA:6,0,1,1
BRDA:21,1,0,0
BRDA:21,1,1,1
BRDA:25,2,0,0
BRDA:25,2,1,1
BRF:6
BRH:3
end_of_record
TN:
SF:src\models\AuditLog.js
FN:3,(anonymous_0)
FNF:1
FNH:1
FNDA:1,(anonymous_0)
DA:1,1
DA:3,1
DA:4,1
DA:36,1
LF:4
LH:4
BRF:0
BRH:0
end_of_record
TN:
SF:src\models\CheckIn.js
FN:3,(anonymous_0)
FNF:1
FNH:1
FNDA:1,(anonymous_0)
DA:1,1
DA:3,1
DA:4,1
DA:48,1
LF:4
LH:4
BRF:0
BRH:0
end_of_record
TN:
SF:src\models\Cycle.js
FN:3,(anonymous_0)
FNF:1
FNH:1
FNDA:1,(anonymous_0)
DA:1,1
DA:3,1
DA:4,1
DA:41,1
LF:4
LH:4
BRF:0
BRH:0
end_of_record
TN:
SF:src\models\Goal.js
FN:3,(anonymous_0)
FNF:1
FNH:1
FNDA:1,(anonymous_0)
DA:1,1
DA:3,1
DA:4,1
DA:77,1
LF:4
LH:4
BRF:0
BRH:0
end_of_record
TN:
SF:src\models\User.js
FN:3,(anonymous_0)
FNF:1
FNH:1
FNDA:1,(anonymous_0)
DA:1,1
DA:3,1
DA:4,1
DA:51,1
LF:4
LH:4
BRF:0
BRH:0
end_of_record
TN:
SF:src\models\index.js
FNF:0
FNH:0
DA:1,1
DA:2,1
DA:4,1
DA:5,1
DA:7,1
DA:20,1
DA:22,1
DA:23,1
DA:26,1
DA:27,1
DA:28,1
DA:29,1
DA:30,1
DA:33,1
DA:34,1
DA:36,1
DA:37,1
DA:39,1
DA:40,1
DA:42,1
DA:43,1
DA:45,1
DA:46,1
DA:49,1
DA:50,1
DA:52,1
LF:26
LH:26
BRDA:4,0,0,1
BRDA:4,0,1,0
BRF:2
BRH:1
end_of_record
TN:
SF:src\routes\auth.js
FNF:0
FNH:0
DA:1,1
DA:2,1
DA:3,1
DA:5,1
DA:7,1
DA:8,1
DA:9,1
DA:10,1
DA:12,1
LF:9
LH:9
BRF:0
BRH:0
end_of_record
TN:
SF:src\routes\checkIns.js
FNF:0
FNH:0
DA:1,1
DA:2,1
DA:3,1
DA:5,1
DA:7,1
DA:9,1
DA:10,1
DA:11,1
DA:12,1
DA:14,1
LF:10
LH:10
BRF:0
BRH:0
end_of_record
TN:
SF:src\routes\cycles.js
FNF:0
FNH:0
DA:1,1
DA:2,1
DA:3,1
DA:5,1
DA:7,1
DA:9,1
DA:10,1
DA:11,1
DA:12,1
DA:14,1
LF:10
LH:10
BRF:0
BRH:0
end_of_record
TN:
SF:src\routes\goals.js
FNF:0
FNH:0
DA:1,1
DA:2,1
DA:3,1
DA:5,1
DA:7,1
DA:10,1
DA:11,1
DA:12,1
DA:13,1
DA:16,1
DA:17,1
DA:19,1
LF:12
LH:12
BRF:0
BRH:0
end_of_record
TN:
SF:src\utils\auth.js
FN:4,(anonymous_0)
FN:17,(anonymous_1)
FN:22,(anonymous_2)
FN:26,(anonymous_3)
FNF:4
FNH:1
FNDA:1,(anonymous_0)
FNDA:0,(anonymous_1)
FNDA:0,(anonymous_2)
FNDA:0,(anonymous_3)
DA:1,1
DA:2,1
DA:4,1
DA:5,1
DA:17,1
DA:18,0
DA:19,0
DA:22,1
DA:23,0
DA:26,1
DA:27,0
DA:38,1
LF:12
LH:8
BRDA:13,0,0,1
BRDA:13,0,1,0
BRDA:32,1,0,0
BRDA:32,1,1,0
BRDA:33,2,0,0
BRDA:33,2,1,0
BRDA:34,3,0,0
BRDA:34,3,1,0
BRF:8
BRH:1
end_of_record
TN:
SF:src\utils\validation.js
FN:2,(anonymous_0)
FN:3,(anonymous_1)
FN:24,(anonymous_2)
FN:42,(anonymous_3)
FN:67,(anonymous_4)
FNF:5
FNH:0
FNDA:0,(anonymous_0)
FNDA:0,(anonymous_1)
FNDA:0,(anonymous_2)
FNDA:0,(anonymous_3)
FNDA:0,(anonymous_4)
DA:2,1
DA:3,0
DA:5,0
DA:6,0
DA:12,0
DA:13,0
DA:14,0
DA:21,0
DA:24,1
DA:25,0
DA:26,0
DA:32,0
DA:33,0
DA:39,0
DA:42,1
DA:43,0
DA:45,0
DA:46,0
DA:48,0
DA:52,0
DA:56,0
DA:60,0
DA:63,0
DA:67,1
DA:68,0
DA:69,0
DA:70,0
DA:71,0
DA:74,1
LF:29
LH:5
BRDA:5,0,0,0
BRDA:5,0,1,0
BRDA:13,1,0,0
BRDA:13,1,1,0
BRDA:25,2,0,0
BRDA:25,2,1,0
BRDA:32,3,0,0
BRDA:32,3,1,0
BRDA:43,4,0,0
BRDA:43,4,1,0
BRDA:43,5,0,0
BRDA:43,5,1,0
BRDA:48,6,0,0
BRDA:48,6,1,0
BRDA:48,6,2,0
BRDA:48,6,3,0
BRDA:48,6,4,0
BRDA:56,7,0,0
BRDA:56,7,1,0
BRDA:60,8,0,0
BRDA:60,8,1,0
BRDA:68,9,0,0
BRDA:68,9,1,0
BRDA:69,10,0,0
BRDA:69,10,1,0
BRDA:70,11,0,0
BRDA:70,11,1,0
BRF:27
BRH:0
end_of_record
